Traceback (most recent call last):
  File "C:\Users\unerue\miniconda3\envs\vision\lib\site-packages\jupyter_cache\executors\utils.py", line 51, in single_nb_execution
    executenb(
  File "C:\Users\unerue\miniconda3\envs\vision\lib\site-packages\nbclient\client.py", line 1204, in execute
    return NotebookClient(nb=nb, resources=resources, km=km, **kwargs).execute()
  File "C:\Users\unerue\miniconda3\envs\vision\lib\site-packages\nbclient\util.py", line 84, in wrapped
    return just_run(coro(*args, **kwargs))
  File "C:\Users\unerue\miniconda3\envs\vision\lib\site-packages\nbclient\util.py", line 62, in just_run
    return loop.run_until_complete(coro)
  File "C:\Users\unerue\miniconda3\envs\vision\lib\asyncio\base_events.py", line 642, in run_until_complete
    return future.result()
  File "C:\Users\unerue\miniconda3\envs\vision\lib\site-packages\nbclient\client.py", line 663, in async_execute
    await self.async_execute_cell(
  File "C:\Users\unerue\miniconda3\envs\vision\lib\site-packages\nbclient\client.py", line 965, in async_execute_cell
    await self._check_raise_for_error(cell, cell_index, exec_reply)
  File "C:\Users\unerue\miniconda3\envs\vision\lib\site-packages\nbclient\client.py", line 862, in _check_raise_for_error
    raise CellExecutionError.from_cell_and_msg(cell, exec_reply_content)
nbclient.exceptions.CellExecutionError: An error occurred while executing the following cell:
------------------
from pulp import *

parts = ['P1', 'P2']
month = ['Jan', 'Feb', 'Mar']

demand = {'P1': [3000, 2500, 3000], 
          'P2': [2500, 2000, 2000]}

prob = LpProblem('Production Planning', LpMinimize)

indexs = [(p, m) for p in parts for m in month]

X = LpVariable.dicts('X', indexs, lowBound=0)
Y = LpVariable.dicts('Y', indexs, lowBound=0)

# Inital inventory level
for p in parts:
    prob += X[p, 'Jan'] - Y[p, 'Jan'] == demand[p][month.index('Jan')] - 500

# Expected ending inventory level
for p in parts:
    for m in month:
        if m != 'Jan':
            prob += X[p, m] + Y[p, month[month.index(m)-1]] - Y[p, m] == demand[p][month.index(m)]
------------------

[1;31m---------------------------------------------------------------------------[0m
[1;31mModuleNotFoundError[0m                       Traceback (most recent call last)
Input [1;32mIn [2][0m, in [0;36m<cell line: 1>[1;34m()[0m
[1;32m----> 1[0m [38;5;28;01mfrom[39;00m [38;5;21;01mpulp[39;00m [38;5;28;01mimport[39;00m [38;5;241m*[39m
[0;32m      3[0m parts [38;5;241m=[39m [[38;5;124m'[39m[38;5;124mP1[39m[38;5;124m'[39m, [38;5;124m'[39m[38;5;124mP2[39m[38;5;124m'[39m]
[0;32m      4[0m month [38;5;241m=[39m [[38;5;124m'[39m[38;5;124mJan[39m[38;5;124m'[39m, [38;5;124m'[39m[38;5;124mFeb[39m[38;5;124m'[39m, [38;5;124m'[39m[38;5;124mMar[39m[38;5;124m'[39m]

[1;31mModuleNotFoundError[0m: No module named 'pulp'
ModuleNotFoundError: No module named 'pulp'

